<?xml version="1.0" encoding="UTF-8"?>
<!-- Generated by org.testng.reporters.JUnitXMLReporter -->
<testsuite ignored="0" hostname="DESKTOP-P55NFCV" failures="1" tests="12" name="Test" time="145.17" errors="0" timestamp="2024-01-16T21:17:42 EST">
  <testcase classname="com.TestNG.Jan_16_Day15_Application_Of_OOPs.LoginTest" name="verifyLoginWithValidCredentials" time="2.813"/>
  <testcase classname="com.TestNG.Jan_16_Day15_Application_Of_OOPs.LoginTest" name="verifyLoginWithInvalidCredentials" time="1.2"/>
  <testcase classname="com.TestNG.Jan_16_Day15_Application_Of_OOPs.LoginTest" name="verifyLoginWithValidEmailInvalidPassword" time="1.297"/>
  <testcase classname="com.TestNG.Jan_16_Day15_Application_Of_OOPs.LoginTest" name="verifyLoginWithInvalidEmailValidPassword" time="1.188"/>
  <testcase classname="com.TestNG.Jan_16_Day15_Application_Of_OOPs.LoginTest" name="verifyLoginWitNoCredentials" time="0.719"/>
  <testcase classname="com.TestNG.Jan_16_Day15_Application_Of_OOPs.RegisterTest" name="VerifyingRegisterWithMandatoryFields" time="2.262"/>
  <testcase classname="com.TestNG.Jan_16_Day15_Application_Of_OOPs.RegisterTest" name="VerifyingRegisterWithAllFields" time="2.865"/>
  <testcase classname="com.TestNG.Jan_16_Day15_Application_Of_OOPs.RegisterTest" name="VerifyingRegisterWithExistingEmail" time="1.855">
    <failure type="java.lang.AssertionError" message="expected [true] but found [false]">
      <![CDATA[java.lang.AssertionError: expected [true] but found [false]
at com.TestNG.Jan_16_Day15_Application_Of_OOPs.RegisterTest.VerifyingRegisterWithExistingEmail(RegisterTest.java:73)
at java.base/java.util.ArrayList.forEach(ArrayList.java:1511)
... Removed 31 stack frames]]>
    </failure>
  </testcase> <!-- VerifyingRegisterWithExistingEmail -->
  <testcase classname="com.TestNG.Jan_16_Day15_Application_Of_OOPs.RegisterTest" name="VerifyingRegisterWithNoFields" time="0.811"/>
  <testcase classname="com.TestNG.Jan_16_Day15_Application_Of_OOPs.SearchProductTest" name="verifySearchWithValidProduct" time="1.671"/>
  <testcase classname="com.TestNG.Jan_16_Day15_Application_Of_OOPs.SearchProductTest" name="verifySearchWithInvalidProduct" time="1.386"/>
  <testcase classname="com.TestNG.Jan_16_Day15_Application_Of_OOPs.SearchProductTest" name="verifySearchWithNoProduct" time="0.691"/>
</testsuite> <!-- Test -->
